time=2021-12-05T18:28:27Z level=info msg=Processor has started....
time=2021-12-05T18:28:47Z level=info msg=Processor has started....
time=2021-12-05T18:28:56Z level=info msg=Processor has started....
time=2021-12-05T18:29:13Z level=info msg=Processor has started....
time=2021-12-05T18:29:20Z level=info msg=[clone] updating clones userID=1afbff92-1d1e-42d2-9be6-c0195aa59f03
time=2021-12-05T18:29:23Z level=info msg=[skill] updating skills userID=1afbff92-1d1e-42d2-9be6-c0195aa59f03
time=2021-12-05T18:29:23Z level=info msg=[skill] updating flyable ships userID=1afbff92-1d1e-42d2-9be6-c0195aa59f03
time=2021-12-05T18:30:30Z level=info msg=Processor has started....
time=2021-12-05T18:30:34Z level=info msg=[clone] updating clones userID=1afbff92-1d1e-42d2-9be6-c0195aa59f03
time=2021-12-05T18:30:36Z level=info msg=[skill] updating skills userID=1afbff92-1d1e-42d2-9be6-c0195aa59f03
time=2021-12-05T18:30:37Z level=info msg=[skill] updating attributes userID=1afbff92-1d1e-42d2-9be6-c0195aa59f03
time=2021-12-05T18:30:38Z level=info msg=[skill] updating skill queue userID=1afbff92-1d1e-42d2-9be6-c0195aa59f03
time=2021-12-05T18:30:39Z level=info msg=[contact] updating contacts userID=1afbff92-1d1e-42d2-9be6-c0195aa59f03
time=2021-12-05T18:31:00Z level=info msg=Processor has started....
time=2021-12-05T18:32:03Z level=info msg=[clone] updating clones userID=1afbff92-1d1e-42d2-9be6-c0195aa59f03
time=2021-12-05T18:32:06Z level=info msg=[skill] updating skills userID=1afbff92-1d1e-42d2-9be6-c0195aa59f03
time=2021-12-05T18:32:07Z level=info msg=[skill] updating flyable ships userID=1afbff92-1d1e-42d2-9be6-c0195aa59f03
time=2021-12-05T18:34:28Z level=info msg=[skill] updating attributes userID=1afbff92-1d1e-42d2-9be6-c0195aa59f03
time=2021-12-05T18:34:29Z level=info msg=[skill] updating skill queue userID=1afbff92-1d1e-42d2-9be6-c0195aa59f03
time=2021-12-05T18:34:30Z level=info msg=[contact] updating contacts userID=1afbff92-1d1e-42d2-9be6-c0195aa59f03
